# JRE version: Java(TM) SE Runtime Environment (8.0_31-b13) (build 1.8.0_31-b13)
# Java VM: Java HotSpot(TM) 64-Bit Server VM (25.31-b07 mixed mode windows-amd64 compressed oops)
Heap:
 PSYoungGen      total 251392K, used 34241K [0x0000000776180000, 0x0000000787300000, 0x00000007c0000000)
  eden space 245248K, 11% used [0x0000000776180000,0x0000000777cf1e28,0x0000000785100000)
  from space 6144K, 99% used [0x0000000785980000,0x0000000785f7e888,0x0000000785f80000)
  to   space 17408K, 0% used [0x0000000786200000,0x0000000786200000,0x0000000787300000)
 ParOldGen       total 130560K, used 34496K [0x00000006e2400000, 0x00000006ea380000, 0x0000000776180000)
  object space 130560K, 26% used [0x00000006e2400000,0x00000006e45b03c8,0x00000006ea380000)
 Metaspace       used 55106K, capacity 58967K, committed 59136K, reserved 1099776K
  class space    used 7399K, capacity 8119K, committed 8192K, reserved 1048576K
GC Heap History (10 events):
Event: 141.626 GC heap before
{Heap before GC invocations=18 (full 4):
 PSYoungGen      total 210944K, used 191984K [0x0000000776180000, 0x0000000786500000, 0x00000007c0000000)
  eden space 192000K, 99% used [0x0000000776180000,0x0000000781cfc010,0x0000000781d00000)
  from space 18944K, 0% used [0x0000000781d00000,0x0000000781d00000,0x0000000782f80000)
  to   space 18432K, 0% used [0x0000000785300000,0x0000000785300000,0x0000000786500000)
 ParOldGen       total 130560K, used 31286K [0x00000006e2400000, 0x00000006ea380000, 0x0000000776180000)
  object space 130560K, 23% used [0x00000006e2400000,0x00000006e428da88,0x00000006ea380000)
 Metaspace       used 53846K, capacity 57489K, committed 57600K, reserved 1099776K
  class space    used 7258K, capacity 7918K, committed 7936K, reserved 1048576K
Event: 141.630 GC heap after
Heap after GC invocations=18 (full 4):
 PSYoungGen      total 236032K, used 8075K [0x0000000776180000, 0x0000000785f00000, 0x00000007c0000000)
  eden space 223744K, 0% used [0x0000000776180000,0x0000000776180000,0x0000000783c00000)
  from space 12288K, 65% used [0x0000000785300000,0x0000000785ae2cf0,0x0000000785f00000)
  to   space 17920K, 0% used [0x0000000783c00000,0x0000000783c00000,0x0000000784d80000)
 ParOldGen       total 130560K, used 31294K [0x00000006e2400000, 0x00000006ea380000, 0x0000000776180000)
  object space 130560K, 23% used [0x00000006e2400000,0x00000006e428fa88,0x00000006ea380000)
 Metaspace       used 53846K, capacity 57489K, committed 57600K, reserved 1099776K
  class space    used 7258K, capacity 7918K, committed 7936K, reserved 1048576K
}
Event: 184.414 GC heap before
{Heap before GC invocations=19 (full 4):
 PSYoungGen      total 236032K, used 231819K [0x0000000776180000, 0x0000000785f00000, 0x00000007c0000000)
  eden space 223744K, 100% used [0x0000000776180000,0x0000000783c00000,0x0000000783c00000)
  from space 12288K, 65% used [0x0000000785300000,0x0000000785ae2cf0,0x0000000785f00000)
  to   space 17920K, 0% used [0x0000000783c00000,0x0000000783c00000,0x0000000784d80000)
 ParOldGen       total 130560K, used 31294K [0x00000006e2400000, 0x00000006ea380000, 0x0000000776180000)
  object space 130560K, 23% used [0x00000006e2400000,0x00000006e428fa88,0x00000006ea380000)
 Metaspace       used 54601K, capacity 58457K, committed 58496K, reserved 1099776K
  class space    used 7335K, capacity 8055K, committed 8064K, reserved 1048576K
Event: 184.419 GC heap after
Heap after GC invocations=19 (full 4):
 PSYoungGen      total 241664K, used 13226K [0x0000000776180000, 0x0000000787d80000, 0x00000007c0000000)
  eden space 223744K, 0% used [0x0000000776180000,0x0000000776180000,0x0000000783c00000)
  from space 17920K, 73% used [0x0000000783c00000,0x00000007848ea8b8,0x0000000784d80000)
  to   space 18432K, 0% used [0x0000000786b80000,0x0000000786b80000,0x0000000787d80000)
 ParOldGen       total 130560K, used 31302K [0x00000006e2400000, 0x00000006ea380000, 0x0000000776180000)
  object space 130560K, 23% used [0x00000006e2400000,0x00000006e4291a88,0x00000006ea380000)
 Metaspace       used 54601K, capacity 58457K, committed 58496K, reserved 1099776K
  class space    used 7335K, capacity 8055K, committed 8064K, reserved 1048576K
}
Event: 188.852 GC heap before
{Heap before GC invocations=20 (full 4):
 PSYoungGen      total 241664K, used 103583K [0x0000000776180000, 0x0000000787d80000, 0x00000007c0000000)
  eden space 223744K, 40% used [0x0000000776180000,0x000000077b9bd408,0x0000000783c00000)
  from space 17920K, 73% used [0x0000000783c00000,0x00000007848ea8b8,0x0000000784d80000)
  to   space 18432K, 0% used [0x0000000786b80000,0x0000000786b80000,0x0000000787d80000)
 ParOldGen       total 130560K, used 31302K [0x00000006e2400000, 0x00000006ea380000, 0x0000000776180000)
  object space 130560K, 23% used [0x00000006e2400000,0x00000006e4291a88,0x00000006ea380000)
 Metaspace       used 54771K, capacity 58609K, committed 58752K, reserved 1099776K
  class space    used 7349K, capacity 8060K, committed 8064K, reserved 1048576K
Event: 188.856 GC heap after
Heap after GC invocations=20 (full 4):
 PSYoungGen      total 271360K, used 9424K [0x0000000776180000, 0x0000000787c80000, 0x00000007c0000000)
  eden space 253952K, 0% used [0x0000000776180000,0x0000000776180000,0x0000000785980000)
  from space 17408K, 54% used [0x0000000786b80000,0x00000007874b4000,0x0000000787c80000)
  to   space 17920K, 0% used [0x0000000785980000,0x0000000785980000,0x0000000786b00000)
 ParOldGen       total 130560K, used 31310K [0x00000006e2400000, 0x00000006ea380000, 0x0000000776180000)
  object space 130560K, 23% used [0x00000006e2400000,0x00000006e4293a88,0x00000006ea380000)
 Metaspace       used 54771K, capacity 58609K, committed 58752K, reserved 1099776K
  class space    used 7349K, capacity 8060K, committed 8064K, reserved 1048576K
}
Event: 188.856 GC heap before
{Heap before GC invocations=21 (full 5):
 PSYoungGen      total 271360K, used 9424K [0x0000000776180000, 0x0000000787c80000, 0x00000007c0000000)
  eden space 253952K, 0% used [0x0000000776180000,0x0000000776180000,0x0000000785980000)
  from space 17408K, 54% used [0x0000000786b80000,0x00000007874b4000,0x0000000787c80000)
  to   space 17920K, 0% used [0x0000000785980000,0x0000000785980000,0x0000000786b00000)
 ParOldGen       total 130560K, used 31310K [0x00000006e2400000, 0x00000006ea380000, 0x0000000776180000)
  object space 130560K, 23% used [0x00000006e2400000,0x00000006e4293a88,0x00000006ea380000)
 Metaspace       used 54771K, capacity 58609K, committed 58752K, reserved 1099776K
  class space    used 7349K, capacity 8060K, committed 8064K, reserved 1048576K
Event: 189.013 GC heap after
Heap after GC invocations=21 (full 5):
 PSYoungGen      total 271360K, used 0K [0x0000000776180000, 0x0000000787c80000, 0x00000007c0000000)
  eden space 253952K, 0% used [0x0000000776180000,0x0000000776180000,0x0000000785980000)
  from space 17408K, 0% used [0x0000000786b80000,0x0000000786b80000,0x0000000787c80000)
  to   space 17920K, 0% used [0x0000000785980000,0x0000000785980000,0x0000000786b00000)
 ParOldGen       total 130560K, used 34488K [0x00000006e2400000, 0x00000006ea380000, 0x0000000776180000)
  object space 130560K, 26% used [0x00000006e2400000,0x00000006e45ae3c8,0x00000006ea380000)
 Metaspace       used 54742K, capacity 58561K, committed 58752K, reserved 1099776K
  class space    used 7344K, capacity 8051K, committed 8064K, reserved 1048576K
}
Event: 258.801 GC heap before
{Heap before GC invocations=22 (full 5):
 PSYoungGen      total 271360K, used 253952K [0x0000000776180000, 0x0000000787c80000, 0x00000007c0000000)
  eden space 253952K, 100% used [0x0000000776180000,0x0000000785980000,0x0000000785980000)
  from space 17408K, 0% used [0x0000000786b80000,0x0000000786b80000,0x0000000787c80000)
  to   space 17920K, 0% used [0x0000000785980000,0x0000000785980000,0x0000000786b00000)
 ParOldGen       total 130560K, used 34488K [0x00000006e2400000, 0x00000006ea380000, 0x0000000776180000)
  object space 130560K, 26% used [0x00000006e2400000,0x00000006e45ae3c8,0x00000006ea380000)
 Metaspace       used 55070K, capacity 58967K, committed 59136K, reserved 1099776K
  class space    used 7394K, capacity 8119K, committed 8192K, reserved 1048576K
Event: 258.805 GC heap after
Heap after GC invocations=22 (full 5):
 PSYoungGen      total 251392K, used 6138K [0x0000000776180000, 0x0000000787300000, 0x00000007c0000000)
  eden space 245248K, 0% used [0x0000000776180000,0x0000000776180000,0x0000000785100000)
  from space 6144K, 99% used [0x0000000785980000,0x0000000785f7e888,0x0000000785f80000)
  to   space 17408K, 0% used [0x0000000786200000,0x0000000786200000,0x0000000787300000)
 ParOldGen       total 130560K, used 34496K [0x00000006e2400000, 0x00000006ea380000, 0x0000000776180000)
  object space 130560K, 26% used [0x00000006e2400000,0x00000006e45b03c8,0x00000006ea380000)
 Metaspace       used 55070K, capacity 58967K, committed 59136K, reserved 1099776K
  class space    used 7394K, capacity 8119K, committed 8192K, reserved 1048576K
}

